I /dev/shm/cmaclean/1.0.0/portage/dev-python/tensorflow-1.0.0/work/tensorflow-1.0.0/tensorflow/stream_executor/dso_loader.cc:135] successfully opened CUDA library libcurand.so.7.5 locally
I /dev/shm/cmaclean/1.0.0/portage/dev-python/tensorflow-1.0.0/work/tensorflow-1.0.0/tensorflow/stream_executor/dso_loader.cc:135] successfully opened CUDA library libcuda.so.1 locally
I /dev/shm/cmaclean/1.0.0/portage/dev-python/tensorflow-1.0.0/work/tensorflow-1.0.0/tensorflow/stream_executor/dso_loader.cc:135] successfully opened CUDA library libcufft.so.7.5 locally
I /dev/shm/cmaclean/1.0.0/portage/dev-python/tensorflow-1.0.0/work/tensorflow-1.0.0/tensorflow/stream_executor/dso_loader.cc:135] successfully opened CUDA library libcudnn.so.5 locally
I /dev/shm/cmaclean/1.0.0/portage/dev-python/tensorflow-1.0.0/work/tensorflow-1.0.0/tensorflow/stream_executor/dso_loader.cc:135] successfully opened CUDA library libcublas.so.7.5 locally
Creating Env:LunarLanderContinuousMarl with action-shape (4,) and observation-shape (16,)
I /dev/shm/cmaclean/1.0.0/portage/dev-python/tensorflow-1.0.0/work/tensorflow-1.0.0/tensorflow/core/common_runtime/gpu/gpu_device.cc:885] Found device 0 with properties: 
name: Tesla K20X
major: 3 minor: 5 memoryClockRate (GHz) 0.732
pciBusID 0000:02:00.0
Total memory: 5.62GiB
Free memory: 5.52GiB
I /dev/shm/cmaclean/1.0.0/portage/dev-python/tensorflow-1.0.0/work/tensorflow-1.0.0/tensorflow/core/common_runtime/gpu/gpu_device.cc:906] DMA: 0 
I /dev/shm/cmaclean/1.0.0/portage/dev-python/tensorflow-1.0.0/work/tensorflow-1.0.0/tensorflow/core/common_runtime/gpu/gpu_device.cc:916] 0:   Y 
I /dev/shm/cmaclean/1.0.0/portage/dev-python/tensorflow-1.0.0/work/tensorflow-1.0.0/tensorflow/core/common_runtime/gpu/gpu_device.cc:975] Creating TensorFlow device (/gpu:0) -> (device: 0, name: Tesla K20X, pci bus id: 0000:02:00.0)
[Time:        8] [Episode:      100 Score:  -371.4920] [RScore:  -374.1724 RPPS:  1088] [PPS:  1089 TPS:     1] [NT:  2 NP:  2 NA: 32]
[Time:       15] [Episode:      200 Score:  -269.7398] [RScore:  -380.1759 RPPS:  1338] [PPS:  1339 TPS:     1] [NT:  2 NP:  2 NA: 32]
[Time:       22] [Episode:      300 Score:  -508.8297] [RScore:  -384.3930 RPPS:  1425] [PPS:  1426 TPS:     1] [NT:  2 NP:  2 NA: 32]
[Time:       29] [Episode:      400 Score:  -177.6973] [RScore:  -381.2022 RPPS:  1478] [PPS:  1479 TPS:     1] [NT:  2 NP:  2 NA: 32]
[Time:       35] [Episode:      500 Score:  -494.8191] [RScore:  -373.7006 RPPS:  1514] [PPS:  1515 TPS:     1] [NT:  2 NP:  2 NA: 32]
[Time:       42] [Episode:      600 Score:  -502.6389] [RScore:  -364.3160 RPPS:  1523] [PPS:  1524 TPS:     1] [NT:  2 NP:  2 NA: 32]
[Time:       49] [Episode:      700 Score:  -308.2921] [RScore:  -361.4504 RPPS:  1542] [PPS:  1543 TPS:     1] [NT:  2 NP:  2 NA: 32]
[Time:       55] [Episode:      800 Score:  -137.2136] [RScore:  -359.1868 RPPS:  1561] [PPS:  1562 TPS:     1] [NT:  2 NP:  2 NA: 32]
[Time:       62] [Episode:      900 Score:  -267.1328] [RScore:  -353.5604 RPPS:  1565] [PPS:  1566 TPS:     1] [NT:  2 NP:  2 NA: 32]
[Time:       68] [Episode:     1000 Score:  -389.3888] [RScore:  -345.8958 RPPS:  1579] [PPS:  1580 TPS:     1] [NT:  2 NP:  2 NA: 32]
[Time:       75] [Episode:     1100 Score:  -228.9496] [RScore:  -337.9150 RPPS:  1643] [PPS:  1579 TPS:     1] [NT:  2 NP:  2 NA: 32]
[Time:       82] [Episode:     1200 Score:  -315.4040] [RScore:  -327.3264 RPPS:  1645] [PPS:  1588 TPS:     1] [NT:  2 NP:  2 NA: 32]
[Time:       89] [Episode:     1300 Score:  -286.8888] [RScore:  -318.1001 RPPS:  1643] [PPS:  1590 TPS:     1] [NT:  2 NP:  2 NA: 32]
[Time:       96] [Episode:     1400 Score:  -390.1119] [RScore:  -308.9578 RPPS:  1645] [PPS:  1596 TPS:     1] [NT:  2 NP:  2 NA: 32]
[Time:      103] [Episode:     1500 Score:  -125.3902] [RScore:  -302.2151 RPPS:  1643] [PPS:  1600 TPS:     1] [NT:  2 NP:  2 NA: 32]
[Time:      110] [Episode:     1600 Score:  -469.7313] [RScore:  -296.4738 RPPS:  1653] [PPS:  1604 TPS:     1] [NT:  2 NP:  2 NA: 32]
[Time:      117] [Episode:     1700 Score:  -185.2196] [RScore:  -286.8293 RPPS:  1649] [PPS:  1605 TPS:     1] [NT:  2 NP:  2 NA: 32]
[Time:      124] [Episode:     1800 Score:  -204.6118] [RScore:  -279.8770 RPPS:  1645] [PPS:  1609 TPS:     1] [NT:  2 NP:  2 NA: 32]
[Time:      131] [Episode:     1900 Score:  -127.8977] [RScore:  -273.7964 RPPS:  1646] [PPS:  1608 TPS:     1] [NT:  2 NP:  2 NA: 32]
[Time:      138] [Episode:     2000 Score:  -325.8446] [RScore:  -268.6071 RPPS:  1634] [PPS:  1608 TPS:     1] [NT:  2 NP:  2 NA: 32]
[Time:      145] [Episode:     2100 Score:  -172.0630] [RScore:  -264.1263 RPPS:  1647] [PPS:  1612 TPS:     1] [NT:  2 NP:  2 NA: 32]
[Time:      152] [Episode:     2200 Score:  -389.8738] [RScore:  -262.3168 RPPS:  1645] [PPS:  1615 TPS:     1] [NT:  2 NP:  2 NA: 32]
[Time:      159] [Episode:     2300 Score:  -131.1474] [RScore:  -256.8670 RPPS:  1650] [PPS:  1616 TPS:     1] [NT:  2 NP:  2 NA: 32]
[Time:      166] [Episode:     2400 Score:   -21.2432] [RScore:  -252.3240 RPPS:  1638] [PPS:  1614 TPS:     1] [NT:  2 NP:  2 NA: 32]
[Time:      173] [Episode:     2500 Score:  -187.1182] [RScore:  -247.4879 RPPS:  1633] [PPS:  1614 TPS:     1] [NT:  2 NP:  2 NA: 32]
[Time:      180] [Episode:     2600 Score:   -72.4785] [RScore:  -241.9223 RPPS:  1631] [PPS:  1615 TPS:     1] [NT:  2 NP:  2 NA: 32]
[Time:      188] [Episode:     2700 Score:  -180.3280] [RScore:  -239.3809 RPPS:  1629] [PPS:  1614 TPS:     1] [NT:  2 NP:  2 NA: 32]
[Time:      195] [Episode:     2800 Score:  -248.7015] [RScore:  -234.0165 RPPS:  1633] [PPS:  1618 TPS:     1] [NT:  2 NP:  2 NA: 32]
[Time:      202] [Episode:     2900 Score:  -274.9693] [RScore:  -230.6309 RPPS:  1635] [PPS:  1618 TPS:     1] [NT:  2 NP:  2 NA: 32]
[Time:      209] [Episode:     3000 Score:  -101.6205] [RScore:  -228.7271 RPPS:  1640] [PPS:  1619 TPS:     1] [NT:  2 NP:  2 NA: 32]
[Time:      216] [Episode:     3100 Score:  -124.6803] [RScore:  -226.4491 RPPS:  1625] [PPS:  1616 TPS:     1] [NT:  2 NP:  2 NA: 32]
[Time:      224] [Episode:     3200 Score:  -116.5848] [RScore:  -219.9185 RPPS:  1616] [PPS:  1616 TPS:     1] [NT:  2 NP:  2 NA: 32]
[Time:      230] [Episode:     3300 Score:  -113.7850] [RScore:  -217.5782 RPPS:  1634] [PPS:  1622 TPS:     1] [NT:  2 NP:  2 NA: 32]
[Time:      237] [Episode:     3400 Score:  -261.7684] [RScore:  -213.7882 RPPS:  1643] [PPS:  1623 TPS:     1] [NT:  2 NP:  2 NA: 32]
[Time:      244] [Episode:     3500 Score:  -227.3134] [RScore:  -212.4253 RPPS:  1645] [PPS:  1623 TPS:     1] [NT:  2 NP:  2 NA: 32]
[Time:      250] [Episode:     3600 Score:  -125.3323] [RScore:  -210.7899 RPPS:  1644] [PPS:  1624 TPS:     1] [NT:  2 NP:  2 NA: 32]
[Time:      258] [Episode:     3700 Score:   -40.5637] [RScore:  -209.2372 RPPS:  1636] [PPS:  1621 TPS:     1] [NT:  2 NP:  2 NA: 32]
[Time:      266] [Episode:     3800 Score:  -168.0478] [RScore:  -207.5339 RPPS:  1621] [PPS:  1619 TPS:     1] [NT:  2 NP:  2 NA: 32]
[Time:      273] [Episode:     3900 Score:  -288.4908] [RScore:  -205.1430 RPPS:  1621] [PPS:  1619 TPS:     1] [NT:  2 NP:  2 NA: 32]
[Time:      280] [Episode:     4000 Score:   -87.0451] [RScore:  -202.2249 RPPS:  1615] [PPS:  1618 TPS:     1] [NT:  2 NP:  2 NA: 32]
[Time:      288] [Episode:     4100 Score:  -160.3835] [RScore:  -198.3180 RPPS:  1603] [PPS:  1613 TPS:     1] [NT:  2 NP:  2 NA: 32]
[Time:      297] [Episode:     4200 Score:  -185.8514] [RScore:  -198.3093 RPPS:  1589] [PPS:  1609 TPS:     1] [NT:  2 NP:  2 NA: 32]
[Time:      304] [Episode:     4300 Score:  -226.1407] [RScore:  -193.7904 RPPS:  1579] [PPS:  1612 TPS:     1] [NT:  2 NP:  2 NA: 32]
[Time:      311] [Episode:     4400 Score:  -150.4637] [RScore:  -192.1394 RPPS:  1580] [PPS:  1613 TPS:     1] [NT:  2 NP:  2 NA: 32]
[Time:      320] [Episode:     4500 Score:  -168.8323] [RScore:  -188.2945 RPPS:  1575] [PPS:  1612 TPS:     1] [NT:  2 NP:  2 NA: 32]
[Time:      327] [Episode:     4600 Score:   -42.8608] [RScore:  -187.7541 RPPS:  1565] [PPS:  1610 TPS:     1] [NT:  2 NP:  2 NA: 32]
[Time:      334] [Episode:     4700 Score:  -258.2876] [RScore:  -184.4135 RPPS:  1576] [PPS:  1611 TPS:     1] [NT:  2 NP:  2 NA: 32]
[Time:      342] [Episode:     4800 Score:  -125.0509] [RScore:  -180.4827 RPPS:  1590] [PPS:  1613 TPS:     1] [NT:  2 NP:  2 NA: 32]
[Time:      349] [Episode:     4900 Score:  -154.0079] [RScore:  -178.7861 RPPS:  1598] [PPS:  1614 TPS:     1] [NT:  2 NP:  2 NA: 32]
[Time:      357] [Episode:     5000 Score:  -127.9650] [RScore:  -179.9437 RPPS:  1586] [PPS:  1612 TPS:     1] [NT:  2 NP:  2 NA: 32]
[Time:      367] [Episode:     5100 Score:  -118.9718] [RScore:  -179.6658 RPPS:  1567] [PPS:  1604 TPS:     1] [NT:  2 NP:  2 NA: 32]
[Time:      374] [Episode:     5200 Score:    14.6372] [RScore:  -176.9258 RPPS:  1580] [PPS:  1604 TPS:     1] [NT:  2 NP:  2 NA: 32]
[Time:      381] [Episode:     5300 Score:  -171.9289] [RScore:  -175.3238 RPPS:  1579] [PPS:  1605 TPS:     1] [NT:  2 NP:  2 NA: 32]
[Time:      389] [Episode:     5400 Score:  -210.9484] [RScore:  -173.3059 RPPS:  1567] [PPS:  1604 TPS:     1] [NT:  2 NP:  2 NA: 32]
[Time:      397] [Episode:     5500 Score:  -368.1437] [RScore:  -172.1417 RPPS:  1576] [PPS:  1605 TPS:     1] [NT:  2 NP:  2 NA: 32]
[Time:      404] [Episode:     5600 Score:  -142.4287] [RScore:  -170.6490 RPPS:  1596] [PPS:  1608 TPS:     1] [NT:  2 NP:  2 NA: 32]
[Time:      412] [Episode:     5700 Score:  -121.2546] [RScore:  -169.6553 RPPS:  1589] [PPS:  1607 TPS:     1] [NT:  2 NP:  2 NA: 32]
[Time:      420] [Episode:     5800 Score:  -111.3488] [RScore:  -171.2918 RPPS:  1580] [PPS:  1607 TPS:     1] [NT:  2 NP:  2 NA: 32]
[Time:      428] [Episode:     5900 Score:   -20.8821] [RScore:  -171.8867 RPPS:  1559] [PPS:  1604 TPS:     1] [NT:  2 NP:  2 NA: 32]
[Time:      435] [Episode:     6000 Score:  -139.2933] [RScore:  -169.6506 RPPS:  1583] [PPS:  1607 TPS:     1] [NT:  2 NP:  2 NA: 32]
[Time:      444] [Episode:     6100 Score:   -65.3369] [RScore:  -167.9785 RPPS:  1597] [PPS:  1603 TPS:     1] [NT:  2 NP:  2 NA: 32]
[Time:      451] [Episode:     6200 Score:  -118.9771] [RScore:  -168.2896 RPPS:  1609] [PPS:  1605 TPS:     1] [NT:  2 NP:  2 NA: 32]
[Time:      459] [Episode:     6300 Score:  -190.6946] [RScore:  -167.7166 RPPS:  1588] [PPS:  1603 TPS:     1] [NT:  2 NP:  2 NA: 32]
[Time:      467] [Episode:     6400 Score:   -52.7303] [RScore:  -168.5166 RPPS:  1591] [PPS:  1602 TPS:     1] [NT:  2 NP:  2 NA: 32]
[Time:      475] [Episode:     6500 Score:   -97.2245] [RScore:  -166.7607 RPPS:  1586] [PPS:  1602 TPS:     1] [NT:  2 NP:  2 NA: 32]
[Time:      483] [Episode:     6600 Score:  -103.4601] [RScore:  -166.4141 RPPS:  1581] [PPS:  1603 TPS:     1] [NT:  2 NP:  2 NA: 32]
[Time:      491] [Episode:     6700 Score:   -93.1324] [RScore:  -166.4795 RPPS:  1581] [PPS:  1603 TPS:     1] [NT:  2 NP:  2 NA: 32]
[Time:      499] [Episode:     6800 Score:   -44.1393] [RScore:  -163.6718 RPPS:  1582] [PPS:  1603 TPS:     1] [NT:  2 NP:  2 NA: 32]
[Time:      508] [Episode:     6900 Score:  -159.0564] [RScore:  -162.7063 RPPS:  1585] [PPS:  1601 TPS:     1] [NT:  2 NP:  2 NA: 32]
[Time:      516] [Episode:     7000 Score:   -65.6946] [RScore:  -163.3159 RPPS:  1564] [PPS:  1600 TPS:     1] [NT:  2 NP:  2 NA: 32]
[Time:      524] [Episode:     7100 Score:  -112.7462] [RScore:  -161.8133 RPPS:  1599] [PPS:  1602 TPS:     1] [NT:  2 NP:  2 NA: 32]
[Time:      532] [Episode:     7200 Score:   -30.8664] [RScore:  -160.8573 RPPS:  1588] [PPS:  1602 TPS:     1] [NT:  2 NP:  2 NA: 32]
[Time:      540] [Episode:     7300 Score:   -80.8283] [RScore:  -161.0474 RPPS:  1598] [PPS:  1602 TPS:     1] [NT:  2 NP:  2 NA: 32]
[Time:      547] [Episode:     7400 Score:  -135.0532] [RScore:  -160.9091 RPPS:  1600] [PPS:  1602 TPS:     1] [NT:  2 NP:  2 NA: 32]
[Time:      556] [Episode:     7500 Score:  -210.7137] [RScore:  -162.4400 RPPS:  1597] [PPS:  1602 TPS:     1] [NT:  2 NP:  2 NA: 32]
[Time:      564] [Episode:     7600 Score:   -72.8098] [RScore:  -163.4829 RPPS:  1596] [PPS:  1602 TPS:     1] [NT:  2 NP:  2 NA: 32]
[Time:      572] [Episode:     7700 Score:   -95.5013] [RScore:  -161.2458 RPPS:  1600] [PPS:  1603 TPS:     1] [NT:  2 NP:  2 NA: 32]
[Time:      581] [Episode:     7800 Score:  -118.2558] [RScore:  -161.5341 RPPS:  1588] [PPS:  1601 TPS:     1] [NT:  2 NP:  2 NA: 32]
[Time:      592] [Episode:     7900 Score:  -232.6938] [RScore:  -159.1201 RPPS:  1571] [PPS:  1597 TPS:     1] [NT:  2 NP:  2 NA: 32]
[Time:      600] [Episode:     8000 Score:  -151.9385] [RScore:  -156.5964 RPPS:  1572] [PPS:  1597 TPS:     1] [NT:  2 NP:  2 NA: 32]
[Time:      609] [Episode:     8100 Score:   -68.1999] [RScore:  -156.5270 RPPS:  1559] [PPS:  1596 TPS:     1] [NT:  2 NP:  2 NA: 32]
[Time:      618] [Episode:     8200 Score:  -173.8066] [RScore:  -154.5770 RPPS:  1552] [PPS:  1595 TPS:     1] [NT:  2 NP:  2 NA: 32]
[Time:      628] [Episode:     8300 Score:   -87.9975] [RScore:  -152.1118 RPPS:  1539] [PPS:  1594 TPS:     1] [NT:  2 NP:  2 NA: 32]
[Time:      637] [Episode:     8400 Score:  -144.7893] [RScore:  -151.0233 RPPS:  1527] [PPS:  1592 TPS:     1] [NT:  2 NP:  2 NA: 32]
[Time:      646] [Episode:     8500 Score:  -336.3603] [RScore:  -150.0838 RPPS:  1523] [PPS:  1591 TPS:     1] [NT:  2 NP:  2 NA: 32]
[Time:      656] [Episode:     8600 Score:  -196.9515] [RScore:  -147.7857 RPPS:  1503] [PPS:  1589 TPS:     1] [NT:  2 NP:  2 NA: 32]
[Time:      666] [Episode:     8700 Score:   -38.5327] [RScore:  -149.0909 RPPS:  1513] [PPS:  1590 TPS:     1] [NT:  2 NP:  2 NA: 32]
[Time:      675] [Episode:     8800 Score:  -155.5347] [RScore:  -148.6921 RPPS:  1507] [PPS:  1588 TPS:     1] [NT:  2 NP:  2 NA: 32]
[Time:      685] [Episode:     8900 Score:  -278.9938] [RScore:  -147.3246 RPPS:  1525] [PPS:  1588 TPS:     1] [NT:  2 NP:  2 NA: 32]
[Time:      695] [Episode:     9000 Score:   -62.5281] [RScore:  -148.3047 RPPS:  1515] [PPS:  1586 TPS:     1] [NT:  2 NP:  2 NA: 32]
[Time:      704] [Episode:     9100 Score:   -90.1809] [RScore:  -146.2272 RPPS:  1512] [PPS:  1585 TPS:     1] [NT:  2 NP:  2 NA: 32]
[Time:      714] [Episode:     9200 Score:   -98.2627] [RScore:  -146.5929 RPPS:  1495] [PPS:  1582 TPS:     1] [NT:  2 NP:  2 NA: 32]
[Time:      724] [Episode:     9300 Score:  -209.7530] [RScore:  -147.6768 RPPS:  1499] [PPS:  1581 TPS:     1] [NT:  2 NP:  2 NA: 32]
[Time:      735] [Episode:     9400 Score:  -147.0618] [RScore:  -147.0699 RPPS:  1494] [PPS:  1579 TPS:     1] [NT:  2 NP:  2 NA: 32]
[Time:      745] [Episode:     9500 Score:  -101.2353] [RScore:  -146.3120 RPPS:  1499] [PPS:  1579 TPS:     1] [NT:  2 NP:  2 NA: 32]
[Time:      755] [Episode:     9600 Score:  -120.6048] [RScore:  -146.5202 RPPS:  1508] [PPS:  1578 TPS:     1] [NT:  2 NP:  2 NA: 32]
[Time:      765] [Episode:     9700 Score:   -95.7567] [RScore:  -146.9910 RPPS:  1500] [PPS:  1579 TPS:     1] [NT:  2 NP:  2 NA: 32]
[Time:      776] [Episode:     9800 Score:  -215.9923] [RScore:  -144.9717 RPPS:  1493] [PPS:  1576 TPS:     1] [NT:  2 NP:  2 NA: 32]
[Time:      786] [Episode:     9900 Score:  -106.2673] [RScore:  -147.3412 RPPS:  1502] [PPS:  1577 TPS:     1] [NT:  2 NP:  2 NA: 32]
[Time:      795] [Episode:    10000 Score:  -131.5292] [RScore:  -145.8615 RPPS:  1509] [PPS:  1576 TPS:     1] [NT:  2 NP:  2 NA: 32]
[Time:      807] [Episode:    10100 Score:   -69.8894] [RScore:  -146.2966 RPPS:  1477] [PPS:  1571 TPS:     1] [NT:  2 NP:  2 NA: 32]
[Time:      817] [Episode:    10200 Score:  -269.0215] [RScore:  -144.5614 RPPS:  1492] [PPS:  1571 TPS:     1] [NT:  2 NP:  2 NA: 32]
[Time:      827] [Episode:    10300 Score:  -208.2459] [RScore:  -144.0405 RPPS:  1485] [PPS:  1569 TPS:     1] [NT:  2 NP:  2 NA: 32]
[Time:      837] [Episode:    10400 Score:  -178.6024] [RScore:  -143.0020 RPPS:  1493] [PPS:  1568 TPS:     1] [NT:  2 NP:  2 NA: 32]
[Time:      847] [Episode:    10500 Score:  -193.4731] [RScore:  -142.1937 RPPS:  1484] [PPS:  1567 TPS:     1] [NT:  2 NP:  2 NA: 32]
[Time:      858] [Episode:    10600 Score:   -81.9768] [RScore:  -141.5945 RPPS:  1476] [PPS:  1566 TPS:     1] [NT:  2 NP:  2 NA: 32]
[Time:      867] [Episode:    10700 Score:  -144.7124] [RScore:  -139.8795 RPPS:  1469] [PPS:  1566 TPS:     1] [NT:  2 NP:  2 NA: 32]
[Time:      878] [Episode:    10800 Score:  -150.1206] [RScore:  -141.2583 RPPS:  1475] [PPS:  1565 TPS:     1] [NT:  2 NP:  2 NA: 32]
[Time:      889] [Episode:    10900 Score:   -69.3347] [RScore:  -139.6849 RPPS:  1444] [PPS:  1561 TPS:     1] [NT:  2 NP:  2 NA: 32]
[Time:      900] [Episode:    11000 Score:   -63.3706] [RScore:  -138.0955 RPPS:  1449] [PPS:  1561 TPS:     1] [NT:  2 NP:  2 NA: 32]
[Time:      910] [Episode:    11100 Score:  -125.4902] [RScore:  -138.3169 RPPS:  1473] [PPS:  1561 TPS:     1] [NT:  2 NP:  2 NA: 32]
[Time:      922] [Episode:    11200 Score:   -88.2036] [RScore:  -138.0641 RPPS:  1441] [PPS:  1556 TPS:     1] [NT:  2 NP:  2 NA: 32]
[Time:      935] [Episode:    11300 Score:  -257.0293] [RScore:  -138.7587 RPPS:  1433] [PPS:  1554 TPS:     1] [NT:  2 NP:  2 NA: 32]
[Time:      945] [Episode:    11400 Score:  -182.3705] [RScore:  -137.6922 RPPS:  1421] [PPS:  1552 TPS:     1] [NT:  2 NP:  2 NA: 32]
[Time:      955] [Episode:    11500 Score:  -146.8688] [RScore:  -137.3476 RPPS:  1433] [PPS:  1552 TPS:     1] [NT:  2 NP:  2 NA: 32]
[Time:      966] [Episode:    11600 Score:  -259.1728] [RScore:  -135.4718 RPPS:  1423] [PPS:  1550 TPS:     1] [NT:  2 NP:  2 NA: 32]
[Time:      977] [Episode:    11700 Score:  -179.0257] [RScore:  -133.3214 RPPS:  1410] [PPS:  1549 TPS:     1] [NT:  2 NP:  2 NA: 32]
[Time:      989] [Episode:    11800 Score:   -98.3296] [RScore:  -131.8152 RPPS:  1406] [PPS:  1547 TPS:     1] [NT:  2 NP:  2 NA: 32]
[Time:     1000] [Episode:    11900 Score:  -126.4785] [RScore:  -131.0569 RPPS:  1424] [PPS:  1546 TPS:     1] [NT:  2 NP:  2 NA: 32]
[Time:     1011] [Episode:    12000 Score:  -135.5859] [RScore:  -130.9599 RPPS:  1414] [PPS:  1545 TPS:     1] [NT:  2 NP:  2 NA: 32]
[Time:     1023] [Episode:    12100 Score:    27.2981] [RScore:  -128.4650 RPPS:  1395] [PPS:  1542 TPS:     1] [NT:  2 NP:  2 NA: 32]
[Time:     1036] [Episode:    12200 Score:  -174.9717] [RScore:  -127.5160 RPPS:  1407] [PPS:  1540 TPS:     1] [NT:  2 NP:  2 NA: 32]
[Time:     1050] [Episode:    12300 Score:   -58.5480] [RScore:  -126.2821 RPPS:  1383] [PPS:  1535 TPS:     1] [NT:  2 NP:  2 NA: 32]
[Time:     1064] [Episode:    12400 Score:  -112.5070] [RScore:  -126.5970 RPPS:  1390] [PPS:  1534 TPS:     1] [NT:  2 NP:  2 NA: 32]
[Time:     1077] [Episode:    12500 Score:  -253.5585] [RScore:  -125.9816 RPPS:  1370] [PPS:  1532 TPS:     1] [NT:  2 NP:  2 NA: 32]
[Time:     1090] [Episode:    12600 Score:  -142.7856] [RScore:  -127.0741 RPPS:  1374] [PPS:  1530 TPS:     1] [NT:  2 NP:  2 NA: 32]
[Time:     1103] [Episode:    12700 Score:    14.0681] [RScore:  -127.7000 RPPS:  1359] [PPS:  1527 TPS:     1] [NT:  2 NP:  2 NA: 32]
[Time:     1114] [Episode:    12800 Score:    12.8212] [RScore:  -125.4589 RPPS:  1377] [PPS:  1528 TPS:     1] [NT:  2 NP:  2 NA: 32]
[Time:     1127] [Episode:    12900 Score:  -130.6275] [RScore:  -123.7670 RPPS:  1359] [PPS:  1525 TPS:     1] [NT:  2 NP:  2 NA: 32]
[Time:     1140] [Episode:    13000 Score:  -121.1039] [RScore:  -124.9636 RPPS:  1355] [PPS:  1524 TPS:     1] [NT:  2 NP:  2 NA: 32]
[Time:     1154] [Episode:    13100 Score:   -51.1924] [RScore:  -124.5833 RPPS:  1354] [PPS:  1521 TPS:     1] [NT:  2 NP:  2 NA: 32]
[Time:     1165] [Episode:    13200 Score:  -111.0238] [RScore:  -124.9690 RPPS:  1373] [PPS:  1522 TPS:     1] [NT:  2 NP:  2 NA: 32]
[Time:     1177] [Episode:    13300 Score:  -239.5570] [RScore:  -122.9507 RPPS:  1396] [PPS:  1520 TPS:     1] [NT:  2 NP:  2 NA: 32]
[Time:     1189] [Episode:    13400 Score:    -6.8700] [RScore:  -120.4680 RPPS:  1386] [PPS:  1518 TPS:     1] [NT:  2 NP:  2 NA: 32]
[Time:     1201] [Episode:    13500 Score:    -1.3482] [RScore:  -120.7008 RPPS:  1396] [PPS:  1518 TPS:     1] [NT:  2 NP:  2 NA: 32]
[Time:     1214] [Episode:    13600 Score:   -36.9281] [RScore:  -117.9947 RPPS:  1388] [PPS:  1516 TPS:     1] [NT:  2 NP:  2 NA: 32]
[Time:     1225] [Episode:    13700 Score:   -54.9101] [RScore:  -116.8338 RPPS:  1421] [PPS:  1517 TPS:     1] [NT:  2 NP:  2 NA: 32]
[Time:     1239] [Episode:    13800 Score:   -60.4939] [RScore:  -117.3503 RPPS:  1392] [PPS:  1514 TPS:     1] [NT:  2 NP:  2 NA: 32]
[Time:     1252] [Episode:    13900 Score:   -73.3229] [RScore:  -117.3344 RPPS:  1406] [PPS:  1514 TPS:     1] [NT:  2 NP:  2 NA: 32]
[Time:     1265] [Episode:    14000 Score:   -89.3108] [RScore:  -114.7137 RPPS:  1408] [PPS:  1513 TPS:     1] [NT:  2 NP:  2 NA: 32]
[Time:     1277] [Episode:    14100 Score:  -142.4097] [RScore:  -114.1511 RPPS:  1416] [PPS:  1511 TPS:     1] [NT:  2 NP:  2 NA: 32]
[Time:     1290] [Episode:    14200 Score:   -86.5182] [RScore:  -112.2214 RPPS:  1397] [PPS:  1510 TPS:     1] [NT:  2 NP:  2 NA: 32]
[Time:     1303] [Episode:    14300 Score:   -97.6895] [RScore:  -111.8074 RPPS:  1391] [PPS:  1508 TPS:     1] [NT:  2 NP:  2 NA: 32]
[Time:     1316] [Episode:    14400 Score:  -225.8247] [RScore:  -112.0739 RPPS:  1395] [PPS:  1507 TPS:     1] [NT:  2 NP:  2 NA: 32]
[Time:     1328] [Episode:    14500 Score:  -104.4966] [RScore:  -110.8276 RPPS:  1391] [PPS:  1506 TPS:     1] [NT:  2 NP:  2 NA: 32]
[Time:     1340] [Episode:    14600 Score:  -233.7490] [RScore:  -111.0117 RPPS:  1396] [PPS:  1505 TPS:     1] [NT:  2 NP:  2 NA: 32]
[Time:     1354] [Episode:    14700 Score:  -239.2546] [RScore:  -109.8767 RPPS:  1375] [PPS:  1503 TPS:     1] [NT:  2 NP:  2 NA: 32]
[Time:     1368] [Episode:    14800 Score:  -172.7236] [RScore:  -107.9491 RPPS:  1372] [PPS:  1501 TPS:     1] [NT:  2 NP:  2 NA: 32]
[Time:     1380] [Episode:    14900 Score:   -38.3327] [RScore:  -105.8970 RPPS:  1375] [PPS:  1501 TPS:     1] [NT:  2 NP:  2 NA: 32]
[Time:     1393] [Episode:    15000 Score:   -10.9760] [RScore:  -105.6377 RPPS:  1376] [PPS:  1500 TPS:     1] [NT:  2 NP:  2 NA: 32]
[Time:     1409] [Episode:    15100 Score:  -359.6789] [RScore:  -107.2284 RPPS:  1360] [PPS:  1497 TPS:     1] [NT:  2 NP:  2 NA: 32]
[Time:     1424] [Episode:    15200 Score:    -0.7783] [RScore:  -107.1529 RPPS:  1343] [PPS:  1494 TPS:     1] [NT:  2 NP:  2 NA: 32]
[Time:     1440] [Episode:    15300 Score:   -37.6018] [RScore:  -107.3429 RPPS:  1335] [PPS:  1492 TPS:     1] [NT:  2 NP:  2 NA: 32]
[Time:     1456] [Episode:    15400 Score:  -149.9236] [RScore:  -107.5386 RPPS:  1307] [PPS:  1487 TPS:     1] [NT:  2 NP:  2 NA: 32]
[Time:     1472] [Episode:    15500 Score:  -248.4885] [RScore:  -107.0345 RPPS:  1291] [PPS:  1485 TPS:     1] [NT:  2 NP:  2 NA: 32]
[Time:     1491] [Episode:    15600 Score:   -99.8791] [RScore:  -106.7892 RPPS:  1263] [PPS:  1481 TPS:     1] [NT:  2 NP:  2 NA: 32]
[Time:     1506] [Episode:    15700 Score:   -19.3940] [RScore:  -105.7580 RPPS:  1247] [PPS:  1478 TPS:     1] [NT:  2 NP:  2 NA: 32]
[Time:     1522] [Episode:    15800 Score:   -82.8134] [RScore:  -105.3087 RPPS:  1253] [PPS:  1476 TPS:     1] [NT:  2 NP:  2 NA: 32]
[Time:     1540] [Episode:    15900 Score:    70.7183] [RScore:  -106.9914 RPPS:  1225] [PPS:  1472 TPS:     1] [NT:  2 NP:  2 NA: 32]
[Time:     1557] [Episode:    16000 Score:  -176.4536] [RScore:  -107.6531 RPPS:  1208] [PPS:  1470 TPS:     1] [NT:  2 NP:  2 NA: 32]
[Time:     1574] [Episode:    16100 Score:   -64.8426] [RScore:  -105.3422 RPPS:  1207] [PPS:  1467 TPS:     1] [NT:  2 NP:  2 NA: 32]
[Time:     1593] [Episode:    16200 Score:  -163.6062] [RScore:  -105.0480 RPPS:  1201] [PPS:  1463 TPS:     1] [NT:  2 NP:  2 NA: 32]
[Time:     1613] [Episode:    16300 Score:  -411.0828] [RScore:  -104.7608 RPPS:  1187] [PPS:  1459 TPS:     1] [NT:  2 NP:  2 NA: 32]
[Time:     1633] [Episode:    16400 Score:  -114.1059] [RScore:  -103.4130 RPPS:  1180] [PPS:  1454 TPS:     1] [NT:  2 NP:  2 NA: 32]
[Time:     1653] [Episode:    16500 Score:  -157.3913] [RScore:   -99.6275 RPPS:  1171] [PPS:  1451 TPS:     1] [NT:  2 NP:  2 NA: 32]
[Time:     1673] [Episode:    16600 Score:    14.2863] [RScore:   -97.4684 RPPS:  1170] [PPS:  1447 TPS:     1] [NT:  2 NP:  2 NA: 32]
[Time:     1693] [Episode:    16700 Score:  -142.9668] [RScore:   -97.0600 RPPS:  1171] [PPS:  1444 TPS:     1] [NT:  2 NP:  2 NA: 32]
[Time:     1711] [Episode:    16800 Score:   -74.6527] [RScore:   -97.0059 RPPS:  1146] [PPS:  1440 TPS:     1] [NT:  2 NP:  2 NA: 32]
[Time:     1731] [Episode:    16900 Score:   -68.2757] [RScore:   -96.2578 RPPS:  1155] [PPS:  1438 TPS:     1] [NT:  2 NP:  2 NA: 32]
[Time:     1747] [Episode:    17000 Score:   -75.8004] [RScore:   -93.4145 RPPS:  1161] [PPS:  1436 TPS:     1] [NT:  2 NP:  2 NA: 32]
[Time:     1767] [Episode:    17100 Score:  -107.5846] [RScore:   -93.3774 RPPS:  1156] [PPS:  1433 TPS:     1] [NT:  2 NP:  2 NA: 32]
[Time:     1788] [Episode:    17200 Score:   -33.2614] [RScore:   -93.6957 RPPS:  1149] [PPS:  1429 TPS:     1] [NT:  2 NP:  2 NA: 32]
[Time:     1814] [Episode:    17300 Score:   -88.4810] [RScore:   -92.9195 RPPS:  1128] [PPS:  1422 TPS:     1] [NT:  2 NP:  2 NA: 32]
[Time:     1833] [Episode:    17400 Score:   -90.3480] [RScore:   -92.1679 RPPS:  1145] [PPS:  1421 TPS:     1] [NT:  2 NP:  2 NA: 32]
[Time:     1853] [Episode:    17500 Score:  -185.1112] [RScore:   -93.9342 RPPS:  1150] [PPS:  1418 TPS:     1] [NT:  2 NP:  2 NA: 32]
[Time:     1876] [Episode:    17600 Score:   -78.8892] [RScore:   -94.9427 RPPS:  1143] [PPS:  1414 TPS:     1] [NT:  2 NP:  2 NA: 32]
[Time:     1897] [Episode:    17700 Score:   -33.9499] [RScore:   -94.4011 RPPS:  1132] [PPS:  1410 TPS:     1] [NT:  2 NP:  2 NA: 32]
[Time:     1922] [Episode:    17800 Score:  -134.3660] [RScore:   -93.7087 RPPS:  1119] [PPS:  1405 TPS:     1] [NT:  2 NP:  2 NA: 32]
[Time:     1951] [Episode:    17900 Score:  -115.9875] [RScore:   -91.6335 RPPS:  1076] [PPS:  1397 TPS:     1] [NT:  2 NP:  2 NA: 32]
[Time:     1978] [Episode:    18000 Score:   -46.4921] [RScore:   -91.1030 RPPS:  1054] [PPS:  1392 TPS:     1] [NT:  2 NP:  2 NA: 32]
[Time:     2002] [Episode:    18100 Score:   -77.3434] [RScore:   -89.5070 RPPS:  1039] [PPS:  1387 TPS:     1] [NT:  2 NP:  2 NA: 32]
[Time:     2026] [Episode:    18200 Score:  -140.3394] [RScore:   -87.6102 RPPS:  1049] [PPS:  1384 TPS:     1] [NT:  2 NP:  2 NA: 32]
[Time:     2048] [Episode:    18300 Score:   -80.0004] [RScore:   -86.3490 RPPS:  1066] [PPS:  1382 TPS:     1] [NT:  2 NP:  2 NA: 32]
[Time:     2076] [Episode:    18400 Score:  -153.5021] [RScore:   -85.7300 RPPS:  1026] [PPS:  1375 TPS:     1] [NT:  2 NP:  2 NA: 32]
[Time:     2105] [Episode:    18500 Score:   -78.1933] [RScore:   -83.6518 RPPS:  1008] [PPS:  1369 TPS:     1] [NT:  2 NP:  2 NA: 32]
[Time:     2132] [Episode:    18600 Score:  -118.7388] [RScore:   -80.3788 RPPS:   999] [PPS:  1364 TPS:     1] [NT:  2 NP:  2 NA: 32]
[Time:     2160] [Episode:    18700 Score:  -129.9825] [RScore:   -79.5125 RPPS:   990] [PPS:  1359 TPS:     1] [NT:  2 NP:  2 NA: 32]
[Time:     2186] [Episode:    18800 Score:  -141.7741] [RScore:   -76.9060 RPPS:   998] [PPS:  1356 TPS:     1] [NT:  2 NP:  2 NA: 32]
[Time:     2221] [Episode:    18900 Score:   -85.2870] [RScore:   -76.6927 RPPS:   994] [PPS:  1348 TPS:     1] [NT:  2 NP:  2 NA: 32]
[Time:     2247] [Episode:    19000 Score:  -160.1270] [RScore:   -74.9879 RPPS:   997] [PPS:  1345 TPS:     1] [NT:  2 NP:  2 NA: 32]
[Time:     2273] [Episode:    19100 Score:   -58.0510] [RScore:   -73.9712 RPPS:  1001] [PPS:  1341 TPS:     1] [NT:  2 NP:  2 NA: 32]
[Time:     2306] [Episode:    19200 Score:  -141.9651] [RScore:   -73.2495 RPPS:   958] [PPS:  1333 TPS:     1] [NT:  2 NP:  2 NA: 32]
[Time:     2339] [Episode:    19300 Score:    -3.5327] [RScore:   -70.2840 RPPS:   948] [PPS:  1328 TPS:     1] [NT:  2 NP:  2 NA: 32]
[Time:     2378] [Episode:    19400 Score:  -249.6387] [RScore:   -68.4804 RPPS:   940] [PPS:  1319 TPS:     1] [NT:  2 NP:  2 NA: 32]
[Time:     2422] [Episode:    19500 Score:    64.3383] [RScore:   -68.2771 RPPS:   909] [PPS:  1309 TPS:     1] [NT:  2 NP:  2 NA: 32]
[Time:     2471] [Episode:    19600 Score:  -114.8523] [RScore:   -67.9843 RPPS:   881] [PPS:  1298 TPS:     1] [NT:  2 NP:  2 NA: 32]
[Time:     2507] [Episode:    19700 Score:   -99.0869] [RScore:   -66.0842 RPPS:   872] [PPS:  1292 TPS:     1] [NT:  2 NP:  2 NA: 32]
[Time:     2542] [Episode:    19800 Score:   -78.3575] [RScore:   -67.4036 RPPS:   867] [PPS:  1287 TPS:     1] [NT:  2 NP:  2 NA: 32]
[Time:     2584] [Episode:    19900 Score:  -166.3428] [RScore:   -66.7590 RPPS:   844] [PPS:  1277 TPS:     1] [NT:  2 NP:  2 NA: 32]
[Time:     2629] [Episode:    20000 Score:  -131.0206] [RScore:   -65.9035 RPPS:   820] [PPS:  1268 TPS:     1] [NT:  2 NP:  2 NA: 32]
[Time:     2673] [Episode:    20100 Score:   -65.2713] [RScore:   -65.9621 RPPS:   793] [PPS:  1259 TPS:     1] [NT:  2 NP:  2 NA: 32]
[Time:     2713] [Episode:    20200 Score:  -195.5096] [RScore:   -64.6438 RPPS:   798] [PPS:  1253 TPS:     1] [NT:  2 NP:  2 NA: 32]
[Time:     2758] [Episode:    20300 Score:  -149.3390] [RScore:   -64.9571 RPPS:   776] [PPS:  1244 TPS:     1] [NT:  2 NP:  2 NA: 32]
[Time:     2804] [Episode:    20400 Score:  -132.2976] [RScore:   -64.8293 RPPS:   776] [PPS:  1237 TPS:     1] [NT:  2 NP:  2 NA: 32]
[Time:     2857] [Episode:    20500 Score:   -55.2085] [RScore:   -64.6822 RPPS:   771] [PPS:  1227 TPS:     1] [NT:  2 NP:  2 NA: 32]
[Time:     2905] [Episode:    20600 Score:  -180.4072] [RScore:   -63.2374 RPPS:   772] [PPS:  1220 TPS:     1] [NT:  2 NP:  2 NA: 32]
[Time:     2955] [Episode:    20700 Score:   -31.8833] [RScore:   -63.5264 RPPS:   759] [PPS:  1212 TPS:     1] [NT:  2 NP:  2 NA: 32]
[Time:     2999] [Episode:    20800 Score:  -100.5885] [RScore:   -61.7167 RPPS:   752] [PPS:  1206 TPS:     1] [NT:  2 NP:  2 NA: 32]
[Time:     3057] [Episode:    20900 Score:   -71.7370] [RScore:   -57.5311 RPPS:   751] [PPS:  1196 TPS:     1] [NT:  2 NP:  2 NA: 32]
[Time:     3107] [Episode:    21000 Score:   -84.3387] [RScore:   -57.2984 RPPS:   750] [PPS:  1189 TPS:     1] [NT:  2 NP:  2 NA: 32]
[Time:     3154] [Episode:    21100 Score:     2.0541] [RScore:   -56.1169 RPPS:   763] [PPS:  1184 TPS:     1] [NT:  2 NP:  2 NA: 32]
[Time:     3201] [Episode:    21200 Score:  -118.9129] [RScore:   -56.5832 RPPS:   758] [PPS:  1178 TPS:     1] [NT:  2 NP:  2 NA: 32]
[Time:     3244] [Episode:    21300 Score:   -90.9946] [RScore:   -55.8549 RPPS:   764] [PPS:  1172 TPS:     1] [NT:  2 NP:  2 NA: 32]
[Time:     3317] [Episode:    21400 Score:     9.1452] [RScore:   -53.0326 RPPS:   730] [PPS:  1159 TPS:     1] [NT:  2 NP:  2 NA: 32]
[Time:     3384] [Episode:    21500 Score:   -60.9186] [RScore:   -49.1011 RPPS:   721] [PPS:  1149 TPS:     1] [NT:  2 NP:  2 NA: 32]
[Time:     3440] [Episode:    21600 Score:   -29.7045] [RScore:   -47.8478 RPPS:   716] [PPS:  1142 TPS:     1] [NT:  2 NP:  2 NA: 32]
[Time:     3505] [Episode:    21700 Score:  -118.8915] [RScore:   -47.4553 RPPS:   699] [PPS:  1131 TPS:     1] [NT:  2 NP:  2 NA: 32]
[Time:     3555] [Episode:    21800 Score:     2.8023] [RScore:   -47.3459 RPPS:   696] [PPS:  1126 TPS:     1] [NT:  2 NP:  2 NA: 32]
[Time:     3610] [Episode:    21900 Score:  -145.5528] [RScore:   -49.7448 RPPS:   697] [PPS:  1120 TPS:     1] [NT:  2 NP:  2 NA: 32]
[Time:     3680] [Episode:    22000 Score:   -92.9304] [RScore:   -47.3605 RPPS:   681] [PPS:  1110 TPS:     1] [NT:  2 NP:  2 NA: 32]
[Time:     3734] [Episode:    22100 Score:   -57.9326] [RScore:   -46.3039 RPPS:   667] [PPS:  1104 TPS:     1] [NT:  2 NP:  2 NA: 32]
[Time:     3795] [Episode:    22200 Score:   -89.3983] [RScore:   -44.5889 RPPS:   662] [PPS:  1097 TPS:     1] [NT:  2 NP:  2 NA: 32]
[Time:     3848] [Episode:    22300 Score:   -25.0709] [RScore:   -42.6692 RPPS:   659] [PPS:  1092 TPS:     1] [NT:  2 NP:  2 NA: 32]
[Time:     3926] [Episode:    22400 Score:     7.7095] [RScore:   -42.8565 RPPS:   659] [PPS:  1081 TPS:     1] [NT:  2 NP:  2 NA: 32]
[Time:     3981] [Episode:    22500 Score:    23.8400] [RScore:   -44.6654 RPPS:   666] [PPS:  1077 TPS:     1] [NT:  2 NP:  2 NA: 32]
[Time:     4052] [Episode:    22600 Score:   159.6053] [RScore:   -46.0700 RPPS:   655] [PPS:  1068 TPS:     1] [NT:  2 NP:  2 NA: 32]
[Time:     4110] [Episode:    22700 Score:   141.5637] [RScore:   -43.5648 RPPS:   670] [PPS:  1063 TPS:     1] [NT:  2 NP:  2 NA: 32]
[Time:     4182] [Episode:    22800 Score:  -222.4611] [RScore:   -44.1821 RPPS:   657] [PPS:  1056 TPS:     1] [NT:  2 NP:  2 NA: 32]
[Time:     4247] [Episode:    22900 Score:   -45.1794] [RScore:   -43.2677 RPPS:   656] [PPS:  1050 TPS:     1] [NT:  2 NP:  2 NA: 32]
[Time:     4329] [Episode:    23000 Score:   141.6258] [RScore:   -43.6573 RPPS:   653] [PPS:  1042 TPS:     1] [NT:  2 NP:  2 NA: 32]
[Time:     4425] [Episode:    23100 Score:   -59.2349] [RScore:   -40.9526 RPPS:   630] [PPS:  1030 TPS:     1] [NT:  2 NP:  2 NA: 32]
[Time:     4516] [Episode:    23200 Score:   131.9941] [RScore:   -38.3034 RPPS:   616] [PPS:  1020 TPS:     1] [NT:  2 NP:  2 NA: 32]
[Time:     4599] [Episode:    23300 Score:    -9.8097] [RScore:   -37.9721 RPPS:   604] [PPS:  1013 TPS:     1] [NT:  2 NP:  2 NA: 32]
[Time:     4680] [Episode:    23400 Score:   107.6321] [RScore:   -37.5747 RPPS:   605] [PPS:  1005 TPS:     1] [NT:  2 NP:  2 NA: 32]
[Time:     4745] [Episode:    23500 Score:   -20.7747] [RScore:   -36.1683 RPPS:   602] [PPS:  1000 TPS:     1] [NT:  2 NP:  2 NA: 32]
[Time:     4825] [Episode:    23600 Score:   -74.3267] [RScore:   -34.9407 RPPS:   597] [PPS:   993 TPS:     1] [NT:  2 NP:  2 NA: 32]
[Time:     4910] [Episode:    23700 Score:   -15.0361] [RScore:   -34.7799 RPPS:   581] [PPS:   985 TPS:     1] [NT:  2 NP:  2 NA: 32]
[Time:     4989] [Episode:    23800 Score:   -49.9485] [RScore:   -31.0144 RPPS:   583] [PPS:   980 TPS:     1] [NT:  2 NP:  2 NA: 32]
[Time:     5072] [Episode:    23900 Score:    11.1785] [RScore:   -29.9092 RPPS:   575] [PPS:   973 TPS:     1] [NT:  2 NP:  2 NA: 32]
[Time:     5165] [Episode:    24000 Score:   134.3138] [RScore:   -28.4554 RPPS:   570] [PPS:   965 TPS:     1] [NT:  2 NP:  2 NA: 32]
[Time:     5249] [Episode:    24100 Score:  -119.3478] [RScore:   -28.7110 RPPS:   579] [PPS:   959 TPS:     1] [NT:  2 NP:  2 NA: 32]
[Time:     5324] [Episode:    24200 Score:   111.1828] [RScore:   -29.5351 RPPS:   587] [PPS:   955 TPS:     1] [NT:  2 NP:  2 NA: 32]
[Time:     5415] [Episode:    24300 Score:    -3.0614] [RScore:   -29.9478 RPPS:   580] [PPS:   948 TPS:     1] [NT:  2 NP:  2 NA: 32]
[Time:     5487] [Episode:    24400 Score:   -17.3200] [RScore:   -31.0620 RPPS:   582] [PPS:   943 TPS:     1] [NT:  2 NP:  2 NA: 32]
[Time:     5615] [Episode:    24500 Score:  -121.7367] [RScore:   -28.0860 RPPS:   555] [PPS:   931 TPS:     1] [NT:  2 NP:  2 NA: 32]
[Time:     5699] [Episode:    24600 Score:   132.4764] [RScore:   -26.8966 RPPS:   560] [PPS:   927 TPS:     1] [NT:  2 NP:  2 NA: 32]
[Time:     5802] [Episode:    24700 Score:    19.7141] [RScore:   -24.5233 RPPS:   558] [PPS:   920 TPS:     1] [NT:  2 NP:  2 NA: 32]
[Time:     5894] [Episode:    24800 Score:  -187.8766] [RScore:   -24.7221 RPPS:   549] [PPS:   914 TPS:     1] [NT:  2 NP:  2 NA: 32]
[Time:     5990] [Episode:    24900 Score:     0.7172] [RScore:   -22.2554 RPPS:   548] [PPS:   908 TPS:     1] [NT:  2 NP:  2 NA: 32]
[Time:     6089] [Episode:    25000 Score:    95.3670] [RScore:   -21.7001 RPPS:   545] [PPS:   902 TPS:     1] [NT:  2 NP:  2 NA: 32]
[Time:     6185] [Episode:    25100 Score:   -12.9203] [RScore:   -22.8414 RPPS:   539] [PPS:   896 TPS:     1] [NT:  2 NP:  2 NA: 32]
[Time:     6279] [Episode:    25200 Score:   -34.1633] [RScore:   -20.8053 RPPS:   531] [PPS:   891 TPS:     1] [NT:  2 NP:  2 NA: 32]
[Time:     6381] [Episode:    25300 Score:    15.9261] [RScore:   -17.3909 RPPS:   532] [PPS:   885 TPS:     1] [NT:  2 NP:  2 NA: 32]
[Time:     6484] [Episode:    25400 Score:   -46.9473] [RScore:   -15.8299 RPPS:   525] [PPS:   879 TPS:     1] [NT:  2 NP:  2 NA: 32]
[Time:     6569] [Episode:    25500 Score:  -147.8724] [RScore:   -18.4652 RPPS:   542] [PPS:   875 TPS:     1] [NT:  2 NP:  2 NA: 32]
[Time:     6658] [Episode:    25600 Score:  -117.3149] [RScore:   -17.1163 RPPS:   536] [PPS:   870 TPS:     1] [NT:  2 NP:  2 NA: 32]
[Time:     6748] [Episode:    25700 Score:    56.1664] [RScore:   -17.7126 RPPS:   536] [PPS:   866 TPS:     1] [NT:  2 NP:  2 NA: 32]
[Time:     6865] [Episode:    25800 Score:   -24.6436] [RScore:   -14.0270 RPPS:   531] [PPS:   860 TPS:     1] [NT:  2 NP:  2 NA: 32]
[Time:     6976] [Episode:    25900 Score:    82.3055] [RScore:   -11.7531 RPPS:   524] [PPS:   854 TPS:     1] [NT:  2 NP:  2 NA: 32]
[Time:     7064] [Episode:    26000 Score:  -147.7957] [RScore:    -9.9871 RPPS:   534] [PPS:   851 TPS:     1] [NT:  2 NP:  2 NA: 32]
[Time:     7176] [Episode:    26100 Score:   -39.4226] [RScore:    -6.3397 RPPS:   527] [PPS:   845 TPS:     1] [NT:  2 NP:  2 NA: 32]
[Time:     7291] [Episode:    26200 Score:   180.3215] [RScore:    -4.1173 RPPS:   518] [PPS:   839 TPS:     1] [NT:  2 NP:  2 NA: 32]
[Time:     7394] [Episode:    26300 Score:    98.4241] [RScore:    -3.4251 RPPS:   517] [PPS:   835 TPS:     1] [NT:  2 NP:  2 NA: 32]
[Time:     7479] [Episode:    26400 Score:    15.7951] [RScore:    -0.8795 RPPS:   527] [PPS:   832 TPS:     1] [NT:  2 NP:  2 NA: 32]
[Time:     7578] [Episode:    26500 Score:   -89.6790] [RScore:     2.6613 RPPS:   519] [PPS:   828 TPS:     1] [NT:  2 NP:  2 NA: 32]
[Time:     7708] [Episode:    26600 Score:     4.7621] [RScore:     6.3970 RPPS:   510] [PPS:   822 TPS:     1] [NT:  2 NP:  2 NA: 32]
[Time:     7822] [Episode:    26700 Score:   -12.4909] [RScore:     8.4217 RPPS:   506] [PPS:   817 TPS:     1] [NT:  2 NP:  2 NA: 32]
[Time:     7942] [Episode:    26800 Score:    42.3581] [RScore:     8.2997 RPPS:   504] [PPS:   812 TPS:     1] [NT:  2 NP:  2 NA: 32]
[Time:     8068] [Episode:    26900 Score:     9.0371] [RScore:     7.8234 RPPS:   499] [PPS:   806 TPS:     1] [NT:  2 NP:  2 NA: 32]
[Time:     8172] [Episode:    27000 Score:     8.5849] [RScore:     7.3111 RPPS:   490] [PPS:   802 TPS:     1] [NT:  2 NP:  2 NA: 32]
[Time:     8309] [Episode:    27100 Score:  -241.0376] [RScore:     8.2891 RPPS:   487] [PPS:   796 TPS:     1] [NT:  2 NP:  2 NA: 32]
[Time:     8388] [Episode:    27200 Score:   -35.2128] [RScore:     8.2164 RPPS:   499] [PPS:   795 TPS:     1] [NT:  2 NP:  2 NA: 32]
[Time:     8501] [Episode:    27300 Score:   -69.3950] [RScore:     8.5542 RPPS:   497] [PPS:   791 TPS:     1] [NT:  2 NP:  2 NA: 32]
[Time:     8621] [Episode:    27400 Score:   116.4413] [RScore:     8.2806 RPPS:   489] [PPS:   787 TPS:     1] [NT:  2 NP:  2 NA: 32]
[Time:     8732] [Episode:    27500 Score:    85.2459] [RScore:     8.6240 RPPS:   492] [PPS:   784 TPS:     1] [NT:  2 NP:  2 NA: 32]
[Time:     8864] [Episode:    27600 Score:   -25.6180] [RScore:     8.0974 RPPS:   492] [PPS:   779 TPS:     1] [NT:  2 NP:  2 NA: 32]
[Time:     8977] [Episode:    27700 Score:   176.9913] [RScore:     8.3319 RPPS:   494] [PPS:   775 TPS:     1] [NT:  2 NP:  2 NA: 32]
[Time:     9109] [Episode:    27800 Score:   -40.9975] [RScore:     8.5370 RPPS:   490] [PPS:   771 TPS:     1] [NT:  2 NP:  2 NA: 32]
[Time:     9228] [Episode:    27900 Score:    81.9290] [RScore:     8.4032 RPPS:   494] [PPS:   767 TPS:     1] [NT:  2 NP:  2 NA: 32]
[Time:     9338] [Episode:    28000 Score:    46.3874] [RScore:    11.3784 RPPS:   493] [PPS:   764 TPS:     1] [NT:  2 NP:  2 NA: 32]
[Time:     9466] [Episode:    28100 Score:  -218.3996] [RScore:    12.6334 RPPS:   499] [PPS:   760 TPS:     1] [NT:  2 NP:  2 NA: 32]
[Time:     9593] [Episode:    28200 Score:   127.1471] [RScore:    13.1815 RPPS:   489] [PPS:   756 TPS:     1] [NT:  2 NP:  2 NA: 32]
[Time:     9696] [Episode:    28300 Score:    49.6676] [RScore:    10.8268 RPPS:   490] [PPS:   754 TPS:     1] [NT:  2 NP:  2 NA: 32]
[Time:     9815] [Episode:    28400 Score:   -96.5513] [RScore:    12.0116 RPPS:   491] [PPS:   751 TPS:     1] [NT:  2 NP:  2 NA: 32]
[Time:     9926] [Episode:    28500 Score:   131.8753] [RScore:    11.1450 RPPS:   490] [PPS:   748 TPS:     1] [NT:  2 NP:  2 NA: 32]
[Time:    10056] [Episode:    28600 Score:    26.4492] [RScore:    12.3652 RPPS:   492] [PPS:   745 TPS:     1] [NT:  2 NP:  2 NA: 32]
[Time:    10166] [Episode:    28700 Score:    -0.2204] [RScore:    13.1302 RPPS:   492] [PPS:   742 TPS:     1] [NT:  2 NP:  2 NA: 32]
[Time:    10309] [Episode:    28800 Score:   154.7510] [RScore:    14.4497 RPPS:   490] [PPS:   738 TPS:     1] [NT:  2 NP:  2 NA: 32]
[Time:    10441] [Episode:    28900 Score:  -241.0327] [RScore:    16.0130 RPPS:   486] [PPS:   735 TPS:     1] [NT:  2 NP:  2 NA: 32]
[Time:    10588] [Episode:    29000 Score:    51.0641] [RScore:    16.2593 RPPS:   480] [PPS:   731 TPS:     1] [NT:  2 NP:  2 NA: 32]
[Time:    10715] [Episode:    29100 Score:    54.3050] [RScore:    15.4403 RPPS:   478] [PPS:   727 TPS:     1] [NT:  2 NP:  2 NA: 32]
[Time:    10858] [Episode:    29200 Score:   116.4434] [RScore:    17.9066 RPPS:   475] [PPS:   724 TPS:     1] [NT:  2 NP:  2 NA: 32]
[Time:    10967] [Episode:    29300 Score:    23.9994] [RScore:    20.6659 RPPS:   476] [PPS:   722 TPS:     1] [NT:  2 NP:  2 NA: 32]
[Time:    11122] [Episode:    29400 Score:   148.8202] [RScore:    23.5300 RPPS:   465] [PPS:   717 TPS:     1] [NT:  2 NP:  2 NA: 32]
[Time:    11241] [Episode:    29500 Score:   -32.5441] [RScore:    26.7980 RPPS:   465] [PPS:   715 TPS:     1] [NT:  2 NP:  2 NA: 32]
[Time:    11377] [Episode:    29600 Score:  -170.2897] [RScore:    25.5240 RPPS:   463] [PPS:   712 TPS:     1] [NT:  2 NP:  2 NA: 32]
[Time:    11483] [Episode:    29700 Score:    27.4629] [RScore:    24.3673 RPPS:   466] [PPS:   711 TPS:     1] [NT:  2 NP:  2 NA: 32]
[Time:    11639] [Episode:    29800 Score:   177.9662] [RScore:    26.5931 RPPS:   465] [PPS:   707 TPS:     1] [NT:  2 NP:  2 NA: 32]
[Time:    11766] [Episode:    29900 Score:   -33.8083] [RScore:    28.1081 RPPS:   467] [PPS:   705 TPS:     1] [NT:  2 NP:  2 NA: 32]
[Time:    11911] [Episode:    30000 Score:    56.3713] [RScore:    27.7665 RPPS:   464] [PPS:   701 TPS:     1] [NT:  2 NP:  2 NA: 32]
[Time:    12051] [Episode:    30100 Score:   131.5667] [RScore:    29.3703 RPPS:   463] [PPS:   698 TPS:     1] [NT:  2 NP:  2 NA: 32]
[Time:    12173] [Episode:    30200 Score:    13.9461] [RScore:    26.4786 RPPS:   468] [PPS:   696 TPS:     1] [NT:  2 NP:  2 NA: 32]
[Time:    12332] [Episode:    30300 Score:    32.7260] [RScore:    29.8832 RPPS:   458] [PPS:   693 TPS:     1] [NT:  2 NP:  2 NA: 32]
[Time:    12475] [Episode:    30400 Score:    -9.9009] [RScore:    31.0166 RPPS:   462] [PPS:   690 TPS:     1] [NT:  2 NP:  2 NA: 32]
[Time:    12621] [Episode:    30500 Score:  -127.1119] [RScore:    31.4917 RPPS:   454] [PPS:   687 TPS:     1] [NT:  2 NP:  2 NA: 32]
[Time:    12780] [Episode:    30600 Score:    76.6522] [RScore:    35.1902 RPPS:   452] [PPS:   684 TPS:     1] [NT:  2 NP:  2 NA: 32]
[Time:    12919] [Episode:    30700 Score:    39.5777] [RScore:    39.0894 RPPS:   447] [PPS:   681 TPS:     1] [NT:  2 NP:  2 NA: 32]
[Time:    13057] [Episode:    30800 Score:    75.4027] [RScore:    37.4393 RPPS:   446] [PPS:   679 TPS:     1] [NT:  2 NP:  2 NA: 32]
[Time:    13195] [Episode:    30900 Score:  -109.4719] [RScore:    38.0016 RPPS:   444] [PPS:   676 TPS:     1] [NT:  2 NP:  2 NA: 32]
[Time:    13341] [Episode:    31000 Score:   120.7498] [RScore:    39.4340 RPPS:   449] [PPS:   674 TPS:     1] [NT:  2 NP:  2 NA: 32]
[Time:    13487] [Episode:    31100 Score:   137.8320] [RScore:    40.3458 RPPS:   448] [PPS:   672 TPS:     1] [NT:  2 NP:  2 NA: 32]
[Time:    13619] [Episode:    31200 Score:   120.7461] [RScore:    43.2829 RPPS:   446] [PPS:   670 TPS:     1] [NT:  2 NP:  2 NA: 32]
[Time:    13766] [Episode:    31300 Score:    25.5523] [RScore:    43.4104 RPPS:   449] [PPS:   667 TPS:     1] [NT:  2 NP:  2 NA: 32]
[Time:    13903] [Episode:    31400 Score:   -93.4708] [RScore:    42.5876 RPPS:   451] [PPS:   665 TPS:     1] [NT:  2 NP:  2 NA: 32]
[Time:    14049] [Episode:    31500 Score:   135.1741] [RScore:    44.8249 RPPS:   453] [PPS:   663 TPS:     1] [NT:  2 NP:  2 NA: 32]
[Time:    14201] [Episode:    31600 Score:   161.5040] [RScore:    44.3572 RPPS:   452] [PPS:   661 TPS:     1] [NT:  2 NP:  2 NA: 32]
[Time:    14351] [Episode:    31700 Score:    46.8398] [RScore:    44.5179 RPPS:   449] [PPS:   658 TPS:     1] [NT:  2 NP:  2 NA: 32]
[Time:    14505] [Episode:    31800 Score:    73.1310] [RScore:    45.4178 RPPS:   449] [PPS:   656 TPS:     1] [NT:  2 NP:  2 NA: 32]
[Time:    14649] [Episode:    31900 Score:    31.9285] [RScore:    45.6369 RPPS:   450] [PPS:   654 TPS:     1] [NT:  2 NP:  2 NA: 32]
[Time:    14787] [Episode:    32000 Score:     5.2892] [RScore:    44.8156 RPPS:   450] [PPS:   652 TPS:     1] [NT:  2 NP:  2 NA: 32]
[Time:    14944] [Episode:    32100 Score:   -32.0496] [RScore:    45.4643 RPPS:   450] [PPS:   650 TPS:     1] [NT:  2 NP:  2 NA: 32]
[Time:    15117] [Episode:    32200 Score:     9.0110] [RScore:    46.3613 RPPS:   440] [PPS:   647 TPS:     1] [NT:  2 NP:  2 NA: 32]
[Time:    15280] [Episode:    32300 Score:   125.6730] [RScore:    48.9041 RPPS:   442] [PPS:   645 TPS:     1] [NT:  2 NP:  2 NA: 32]
[Time:    15428] [Episode:    32400 Score:   -15.0853] [RScore:    51.1427 RPPS:   443] [PPS:   643 TPS:     1] [NT:  2 NP:  2 NA: 32]
[Time:    15562] [Episode:    32500 Score:    24.3421] [RScore:    49.4137 RPPS:   444] [PPS:   642 TPS:     1] [NT:  2 NP:  2 NA: 32]
[Time:    15722] [Episode:    32600 Score:   121.7436] [RScore:    51.3838 RPPS:   445] [PPS:   640 TPS:     1] [NT:  2 NP:  2 NA: 32]
[Time:    15896] [Episode:    32700 Score:   135.2587] [RScore:    52.6239 RPPS:   442] [PPS:   637 TPS:     1] [NT:  2 NP:  2 NA: 32]
[Time:    16034] [Episode:    32800 Score:   -17.3889] [RScore:    52.4117 RPPS:   445] [PPS:   636 TPS:     1] [NT:  2 NP:  2 NA: 32]
[Time:    16187] [Episode:    32900 Score:   166.5395] [RScore:    52.3716 RPPS:   443] [PPS:   634 TPS:     1] [NT:  2 NP:  2 NA: 32]
[Time:    16368] [Episode:    33000 Score:   149.2848] [RScore:    55.6802 RPPS:   438] [PPS:   632 TPS:     1] [NT:  2 NP:  2 NA: 32]
[Time:    16497] [Episode:    33100 Score:   146.6013] [RScore:    55.8973 RPPS:   444] [PPS:   631 TPS:     1] [NT:  2 NP:  2 NA: 32]
[Time:    16654] [Episode:    33200 Score:    83.4163] [RScore:    56.8639 RPPS:   450] [PPS:   629 TPS:     1] [NT:  2 NP:  2 NA: 32]
[Time:    16833] [Episode:    33300 Score:   195.8141] [RScore:    56.1324 RPPS:   444] [PPS:   627 TPS:     1] [NT:  2 NP:  2 NA: 32]
[Time:    16972] [Episode:    33400 Score:    10.1832] [RScore:    54.3768 RPPS:   447] [PPS:   626 TPS:     1] [NT:  2 NP:  2 NA: 32]
[Time:    17138] [Episode:    33500 Score:   147.3385] [RScore:    54.4758 RPPS:   441] [PPS:   624 TPS:     1] [NT:  2 NP:  2 NA: 32]
[Time:    17275] [Episode:    33600 Score:   128.1458] [RScore:    50.6135 RPPS:   446] [PPS:   623 TPS:     1] [NT:  2 NP:  2 NA: 32]
[Time:    17438] [Episode:    33700 Score:    19.6808] [RScore:    50.1245 RPPS:   450] [PPS:   621 TPS:     1] [NT:  2 NP:  2 NA: 32]
[Time:    17595] [Episode:    33800 Score:    73.7409] [RScore:    49.3262 RPPS:   445] [PPS:   619 TPS:     1] [NT:  2 NP:  2 NA: 32]
[Time:    17750] [Episode:    33900 Score:   -10.4543] [RScore:    50.9240 RPPS:   447] [PPS:   618 TPS:     1] [NT:  2 NP:  2 NA: 32]
[Time:    17893] [Episode:    34000 Score:   -98.2571] [RScore:    47.1369 RPPS:   452] [PPS:   616 TPS:     1] [NT:  2 NP:  2 NA: 32]
[Time:    18046] [Episode:    34100 Score:   -84.2874] [RScore:    45.1118 RPPS:   448] [PPS:   615 TPS:     1] [NT:  2 NP:  2 NA: 32]
[Time:    18188] [Episode:    34200 Score:   -32.1360] [RScore:    43.9928 RPPS:   449] [PPS:   614 TPS:     1] [NT:  2 NP:  2 NA: 32]
[Time:    18321] [Episode:    34300 Score:   157.7982] [RScore:    42.0087 RPPS:   459] [PPS:   613 TPS:     1] [NT:  2 NP:  2 NA: 32]
[Time:    18476] [Episode:    34400 Score:   -26.8437] [RScore:    43.3008 RPPS:   453] [PPS:   612 TPS:     1] [NT:  2 NP:  2 NA: 32]
[Time:    18638] [Episode:    34500 Score:    37.3914] [RScore:    45.5299 RPPS:   455] [PPS:   610 TPS:     1] [NT:  2 NP:  2 NA: 32]
[Time:    18795] [Episode:    34600 Score:  -123.0735] [RScore:    47.1929 RPPS:   451] [PPS:   609 TPS:     1] [NT:  2 NP:  2 NA: 32]
[Time:    18972] [Episode:    34700 Score:   173.2484] [RScore:    49.7845 RPPS:   448] [PPS:   607 TPS:     1] [NT:  2 NP:  2 NA: 32]
[Time:    19119] [Episode:    34800 Score:   107.0955] [RScore:    51.7023 RPPS:   452] [PPS:   606 TPS:     1] [NT:  2 NP:  2 NA: 32]
[Time:    19269] [Episode:    34900 Score:   116.2191] [RScore:    50.5371 RPPS:   450] [PPS:   605 TPS:     1] [NT:  2 NP:  2 NA: 32]
[Time:    19418] [Episode:    35000 Score:    47.3426] [RScore:    54.5817 RPPS:   449] [PPS:   603 TPS:     1] [NT:  2 NP:  2 NA: 32]
[Time:    19612] [Episode:    35100 Score:   114.7360] [RScore:    59.6156 RPPS:   443] [PPS:   602 TPS:     1] [NT:  2 NP:  2 NA: 32]
[Time:    19795] [Episode:    35200 Score:   150.3124] [RScore:    61.7454 RPPS:   440] [PPS:   600 TPS:     1] [NT:  2 NP:  2 NA: 32]
[Time:    19964] [Episode:    35300 Score:   123.1181] [RScore:    63.7143 RPPS:   434] [PPS:   599 TPS:     1] [NT:  2 NP:  2 NA: 32]
[Time:    20122] [Episode:    35400 Score:   152.9309] [RScore:    65.1474 RPPS:   437] [PPS:   597 TPS:     1] [NT:  2 NP:  2 NA: 32]
[Time:    20259] [Episode:    35500 Score:   -29.5850] [RScore:    64.0113 RPPS:   441] [PPS:   597 TPS:     1] [NT:  2 NP:  2 NA: 32]
[Time:    20430] [Episode:    35600 Score:   136.0740] [RScore:    67.2636 RPPS:   443] [PPS:   596 TPS:     1] [NT:  2 NP:  2 NA: 32]
[Time:    20589] [Episode:    35700 Score:     0.5497] [RScore:    65.4231 RPPS:   447] [PPS:   595 TPS:     1] [NT:  2 NP:  2 NA: 32]
[Time:    20751] [Episode:    35800 Score:   -71.3795] [RScore:    66.9561 RPPS:   446] [PPS:   593 TPS:     1] [NT:  2 NP:  2 NA: 32]
[Time:    20910] [Episode:    35900 Score:   131.0098] [RScore:    69.3957 RPPS:   446] [PPS:   592 TPS:     1] [NT:  2 NP:  2 NA: 32]
[Time:    21094] [Episode:    36000 Score:    98.0502] [RScore:    69.4699 RPPS:   441] [PPS:   591 TPS:     1] [NT:  2 NP:  2 NA: 32]
[Time:    21256] [Episode:    36100 Score:   -73.6969] [RScore:    69.2836 RPPS:   448] [PPS:   590 TPS:     1] [NT:  2 NP:  2 NA: 32]
[Time:    21465] [Episode:    36200 Score:   145.7246] [RScore:    71.1623 RPPS:   444] [PPS:   588 TPS:     1] [NT:  2 NP:  2 NA: 32]
[Time:    21629] [Episode:    36300 Score:    34.0990] [RScore:    72.5870 RPPS:   446] [PPS:   587 TPS:     1] [NT:  2 NP:  2 NA: 32]
[Time:    21795] [Episode:    36400 Score:   127.9990] [RScore:    73.1624 RPPS:   443] [PPS:   586 TPS:     1] [NT:  2 NP:  2 NA: 32]
[Time:    21962] [Episode:    36500 Score:    91.1417] [RScore:    75.3697 RPPS:   440] [PPS:   585 TPS:     1] [NT:  2 NP:  2 NA: 32]
[Time:    22147] [Episode:    36600 Score:   -16.6404] [RScore:    75.0538 RPPS:   434] [PPS:   583 TPS:     1] [NT:  2 NP:  2 NA: 32]
[Time:    22310] [Episode:    36700 Score:   105.9489] [RScore:    75.8110 RPPS:   434] [PPS:   582 TPS:     1] [NT:  2 NP:  2 NA: 32]
[Time:    22483] [Episode:    36800 Score:  -141.1977] [RScore:    75.2021 RPPS:   434] [PPS:   581 TPS:     1] [NT:  2 NP:  2 NA: 32]
[Time:    22619] [Episode:    36900 Score:    16.8821] [RScore:    72.9356 RPPS:   439] [PPS:   581 TPS:     1] [NT:  2 NP:  2 NA: 32]
[Time:    22809] [Episode:    37000 Score:   125.8682] [RScore:    72.6498 RPPS:   437] [PPS:   579 TPS:     1] [NT:  2 NP:  2 NA: 32]
[Time:    22985] [Episode:    37100 Score:    -3.1616] [RScore:    70.8952 RPPS:   435] [PPS:   578 TPS:     1] [NT:  2 NP:  2 NA: 32]
[Time:    23169] [Episode:    37200 Score:    13.5531] [RScore:    70.1726 RPPS:   439] [PPS:   577 TPS:     1] [NT:  2 NP:  2 NA: 32]
[Time:    23334] [Episode:    37300 Score:   145.7941] [RScore:    68.9939 RPPS:   439] [PPS:   576 TPS:     1] [NT:  2 NP:  2 NA: 32]
[Time:    23521] [Episode:    37400 Score:   123.6635] [RScore:    69.3222 RPPS:   439] [PPS:   575 TPS:     1] [NT:  2 NP:  2 NA: 32]
[Time:    23702] [Episode:    37500 Score:    11.1180] [RScore:    68.8347 RPPS:   439] [PPS:   574 TPS:     1] [NT:  2 NP:  2 NA: 32]
[Time:    23889] [Episode:    37600 Score:   127.3600] [RScore:    69.7684 RPPS:   440] [PPS:   573 TPS:     1] [NT:  2 NP:  2 NA: 32]
[Time:    24080] [Episode:    37700 Score:   139.1871] [RScore:    71.9953 RPPS:   435] [PPS:   572 TPS:     1] [NT:  2 NP:  2 NA: 32]
[Time:    24271] [Episode:    37800 Score:    -4.8878] [RScore:    73.4325 RPPS:   432] [PPS:   570 TPS:     1] [NT:  2 NP:  2 NA: 32]
[Time:    24453] [Episode:    37900 Score:   129.8616] [RScore:    77.3679 RPPS:   427] [PPS:   569 TPS:     1] [NT:  2 NP:  2 NA: 32]
[Time:    24622] [Episode:    38000 Score:    30.2295] [RScore:    79.0689 RPPS:   433] [PPS:   569 TPS:     1] [NT:  2 NP:  2 NA: 32]
[Time:    24825] [Episode:    38100 Score:   126.4729] [RScore:    82.7233 RPPS:   431] [PPS:   567 TPS:     1] [NT:  2 NP:  2 NA: 32]
[Time:    25014] [Episode:    38200 Score:   176.1792] [RScore:    83.5256 RPPS:   429] [PPS:   566 TPS:     1] [NT:  2 NP:  2 NA: 32]
[Time:    25190] [Episode:    38300 Score:   167.2581] [RScore:    86.6387 RPPS:   427] [PPS:   565 TPS:     1] [NT:  2 NP:  2 NA: 32]
[Time:    25384] [Episode:    38400 Score:   200.5378] [RScore:    89.4323 RPPS:   426] [PPS:   564 TPS:     1] [NT:  2 NP:  2 NA: 32]
[Time:    25573] [Episode:    38500 Score:   147.7457] [RScore:    91.7870 RPPS:   426] [PPS:   563 TPS:     1] [NT:  2 NP:  2 NA: 32]
[Time:    25750] [Episode:    38600 Score:    54.3654] [RScore:    92.7847 RPPS:   431] [PPS:   563 TPS:     1] [NT:  2 NP:  2 NA: 32]
[Time:    25941] [Episode:    38700 Score:   140.5210] [RScore:    93.8997 RPPS:   431] [PPS:   562 TPS:     1] [NT:  2 NP:  2 NA: 32]
[Time:    26123] [Episode:    38800 Score:   162.5193] [RScore:    95.4275 RPPS:   432] [PPS:   561 TPS:     1] [NT:  2 NP:  2 NA: 32]
[Time:    26285] [Episode:    38900 Score:    14.4159] [RScore:    95.4070 RPPS:   435] [PPS:   560 TPS:     1] [NT:  2 NP:  2 NA: 32]
[Time:    26475] [Episode:    39000 Score:    99.1198] [RScore:    96.8758 RPPS:   430] [PPS:   559 TPS:     1] [NT:  2 NP:  2 NA: 32]
[Time:    26666] [Episode:    39100 Score:   171.2843] [RScore:    97.7447 RPPS:   432] [PPS:   558 TPS:     1] [NT:  2 NP:  2 NA: 32]
[Time:    26826] [Episode:    39200 Score:   110.9088] [RScore:    96.3896 RPPS:   436] [PPS:   557 TPS:     1] [NT:  2 NP:  2 NA: 32]
[Time:    26988] [Episode:    39300 Score:   179.5517] [RScore:    94.8173 RPPS:   436] [PPS:   557 TPS:     1] [NT:  2 NP:  2 NA: 32]
[Time:    27160] [Episode:    39400 Score:   168.7844] [RScore:    92.2974 RPPS:   437] [PPS:   556 TPS:     1] [NT:  2 NP:  2 NA: 32]
[Time:    27373] [Episode:    39500 Score:   139.1109] [RScore:    93.7104 RPPS:   434] [PPS:   555 TPS:     1] [NT:  2 NP:  2 NA: 32]
[Time:    27566] [Episode:    39600 Score:    54.6674] [RScore:    94.5757 RPPS:   428] [PPS:   554 TPS:     1] [NT:  2 NP:  2 NA: 32]
[Time:    27752] [Episode:    39700 Score:   149.8140] [RScore:    94.4236 RPPS:   431] [PPS:   553 TPS:     1] [NT:  2 NP:  2 NA: 32]
[Time:    27927] [Episode:    39800 Score:   171.2303] [RScore:    94.6076 RPPS:   434] [PPS:   552 TPS:     1] [NT:  2 NP:  2 NA: 32]
[Time:    28136] [Episode:    39900 Score:   170.3937] [RScore:    96.1129 RPPS:   428] [PPS:   551 TPS:     1] [NT:  2 NP:  2 NA: 32]
[Time:    28328] [Episode:    40000 Score:    -0.5397] [RScore:    94.6166 RPPS:   428] [PPS:   550 TPS:     1] [NT:  2 NP:  2 NA: 32]
[Time:    28503] [Episode:    40100 Score:    10.4201] [RScore:    94.3790 RPPS:   432] [PPS:   550 TPS:     1] [NT:  2 NP:  2 NA: 32]
[Time:    28675] [Episode:    40200 Score:    21.1829] [RScore:    95.5949 RPPS:   433] [PPS:   549 TPS:     1] [NT:  2 NP:  2 NA: 32]
[Time:    28857] [Episode:    40300 Score:   145.5329] [RScore:    95.9930 RPPS:   430] [PPS:   549 TPS:     1] [NT:  2 NP:  2 NA: 32]
[Time:    29023] [Episode:    40400 Score:    27.9384] [RScore:    95.6804 RPPS:   431] [PPS:   548 TPS:     1] [NT:  2 NP:  2 NA: 32]
[Time:    29212] [Episode:    40500 Score:   172.6824] [RScore:    94.5954 RPPS:   434] [PPS:   547 TPS:     1] [NT:  2 NP:  2 NA: 32]
[Time:    29372] [Episode:    40600 Score:   164.9236] [RScore:    92.9894 RPPS:   441] [PPS:   547 TPS:     1] [NT:  2 NP:  2 NA: 32]
[Time:    29564] [Episode:    40700 Score:   149.7412] [RScore:    91.9763 RPPS:   437] [PPS:   546 TPS:     1] [NT:  2 NP:  2 NA: 32]
[Time:    29739] [Episode:    40800 Score:   141.2978] [RScore:    91.0476 RPPS:   438] [PPS:   546 TPS:     1] [NT:  2 NP:  2 NA: 32]
[Time:    29925] [Episode:    40900 Score:    54.6268] [RScore:    90.5197 RPPS:   440] [PPS:   545 TPS:     1] [NT:  2 NP:  2 NA: 32]
[Time:    30111] [Episode:    41000 Score:     2.9104] [RScore:    91.1906 RPPS:   443] [PPS:   544 TPS:     1] [NT:  2 NP:  2 NA: 32]
[Time:    30301] [Episode:    41100 Score:   178.2907] [RScore:    90.9827 RPPS:   440] [PPS:   543 TPS:     1] [NT:  2 NP:  2 NA: 32]
[Time:    30485] [Episode:    41200 Score:   145.4170] [RScore:    91.2751 RPPS:   437] [PPS:   543 TPS:     1] [NT:  2 NP:  2 NA: 32]
[Time:    30674] [Episode:    41300 Score:   108.6913] [RScore:    93.8862 RPPS:   439] [PPS:   542 TPS:     1] [NT:  2 NP:  2 NA: 32]
[Time:    30898] [Episode:    41400 Score:   189.6934] [RScore:    98.7272 RPPS:   433] [PPS:   541 TPS:     1] [NT:  2 NP:  2 NA: 32]
[Time:    31072] [Episode:    41500 Score:   126.5316] [RScore:    98.4371 RPPS:   436] [PPS:   541 TPS:     1] [NT:  2 NP:  2 NA: 32]
[Time:    31260] [Episode:    41600 Score:   177.7661] [RScore:    99.6439 RPPS:   431] [PPS:   540 TPS:     1] [NT:  2 NP:  2 NA: 32]
[Time:    31445] [Episode:    41700 Score:   120.0318] [RScore:   101.2860 RPPS:   435] [PPS:   539 TPS:     1] [NT:  2 NP:  2 NA: 32]
[Time:    31637] [Episode:    41800 Score:  -114.3669] [RScore:   101.9269 RPPS:   432] [PPS:   539 TPS:     1] [NT:  2 NP:  2 NA: 32]
[Time:    31822] [Episode:    41900 Score:   139.3811] [RScore:   102.1881 RPPS:   433] [PPS:   538 TPS:     1] [NT:  2 NP:  2 NA: 32]
[Time:    32004] [Episode:    42000 Score:   129.7262] [RScore:   103.4243 RPPS:   434] [PPS:   538 TPS:     1] [NT:  2 NP:  2 NA: 32]
[Time:    32194] [Episode:    42100 Score:    85.3785] [RScore:   103.1824 RPPS:   432] [PPS:   537 TPS:     1] [NT:  2 NP:  2 NA: 32]
[Time:    32371] [Episode:    42200 Score:   -52.1616] [RScore:   104.4881 RPPS:   434] [PPS:   537 TPS:     1] [NT:  2 NP:  2 NA: 32]
[Time:    32544] [Episode:    42300 Score:   163.1091] [RScore:   103.0379 RPPS:   435] [PPS:   536 TPS:     1] [NT:  2 NP:  2 NA: 32]
[Time:    32721] [Episode:    42400 Score:    23.7866] [RScore:   101.4922 RPPS:   440] [PPS:   536 TPS:     1] [NT:  2 NP:  2 NA: 32]
[Time:    32898] [Episode:    42500 Score:   121.7087] [RScore:   102.1669 RPPS:   439] [PPS:   535 TPS:     1] [NT:  2 NP:  2 NA: 32]
[Time:    33094] [Episode:    42600 Score:   124.9253] [RScore:   103.7024 RPPS:   439] [PPS:   534 TPS:     1] [NT:  2 NP:  2 NA: 32]
[Time:    33296] [Episode:    42700 Score:    10.9229] [RScore:   103.0724 RPPS:   434] [PPS:   534 TPS:     1] [NT:  2 NP:  2 NA: 32]
[Time:    33474] [Episode:    42800 Score:   114.1130] [RScore:   103.2693 RPPS:   436] [PPS:   533 TPS:     1] [NT:  2 NP:  2 NA: 32]
[Time:    33660] [Episode:    42900 Score:   148.2824] [RScore:   103.7679 RPPS:   439] [PPS:   533 TPS:     1] [NT:  2 NP:  2 NA: 32]
[Time:    33814] [Episode:    43000 Score:   106.9526] [RScore:   102.4290 RPPS:   443] [PPS:   533 TPS:     1] [NT:  2 NP:  2 NA: 32]
[Time:    34005] [Episode:    43100 Score:   182.2492] [RScore:   104.0975 RPPS:   444] [PPS:   532 TPS:     1] [NT:  2 NP:  2 NA: 32]
[Time:    34157] [Episode:    43200 Score:     5.2244] [RScore:   102.0995 RPPS:   445] [PPS:   532 TPS:     1] [NT:  2 NP:  2 NA: 32]
[Time:    34328] [Episode:    43300 Score:   109.9118] [RScore:   102.6343 RPPS:   445] [PPS:   531 TPS:     1] [NT:  2 NP:  2 NA: 32]
[Time:    34511] [Episode:    43400 Score:    63.9163] [RScore:   102.5443 RPPS:   444] [PPS:   531 TPS:     1] [NT:  2 NP:  2 NA: 32]
[Time:    34664] [Episode:    43500 Score:   -99.2707] [RScore:   102.5699 RPPS:   450] [PPS:   531 TPS:     1] [NT:  2 NP:  2 NA: 32]
[Time:    34848] [Episode:    43600 Score:   162.0790] [RScore:   101.3989 RPPS:   451] [PPS:   530 TPS:     1] [NT:  2 NP:  2 NA: 32]
[Time:    35032] [Episode:    43700 Score:   115.6239] [RScore:   103.1732 RPPS:   458] [PPS:   530 TPS:     1] [NT:  2 NP:  2 NA: 32]
[Time:    35212] [Episode:    43800 Score:   154.0799] [RScore:   103.6687 RPPS:   457] [PPS:   530 TPS:     1] [NT:  2 NP:  2 NA: 32]
[Time:    35386] [Episode:    43900 Score:   164.3891] [RScore:   104.0140 RPPS:   460] [PPS:   529 TPS:     1] [NT:  2 NP:  2 NA: 32]
[Time:    35559] [Episode:    44000 Score:   197.5979] [RScore:   106.2522 RPPS:   460] [PPS:   529 TPS:     1] [NT:  2 NP:  2 NA: 32]
[Time:    35724] [Episode:    44100 Score:   144.9135] [RScore:   105.3392 RPPS:   463] [PPS:   529 TPS:     1] [NT:  2 NP:  2 NA: 32]
[Time:    35912] [Episode:    44200 Score:   106.4548] [RScore:   108.4291 RPPS:   462] [PPS:   528 TPS:     1] [NT:  2 NP:  2 NA: 32]
[Time:    36059] [Episode:    44300 Score:   189.4551] [RScore:   109.0163 RPPS:   470] [PPS:   528 TPS:     1] [NT:  2 NP:  2 NA: 32]
[Time:    36235] [Episode:    44400 Score:   197.7267] [RScore:   108.6445 RPPS:   472] [PPS:   528 TPS:     1] [NT:  2 NP:  2 NA: 32]
[Time:    36404] [Episode:    44500 Score:   168.7943] [RScore:   109.3867 RPPS:   469] [PPS:   528 TPS:     1] [NT:  2 NP:  2 NA: 32]
[Time:    36588] [Episode:    44600 Score:    19.4683] [RScore:   110.6984 RPPS:   471] [PPS:   528 TPS:     1] [NT:  2 NP:  2 NA: 32]
[Time:    36760] [Episode:    44700 Score:   138.0973] [RScore:   109.6909 RPPS:   470] [PPS:   527 TPS:     1] [NT:  2 NP:  2 NA: 32]
[Time:    36927] [Episode:    44800 Score:   194.1103] [RScore:   110.5701 RPPS:   472] [PPS:   527 TPS:     1] [NT:  2 NP:  2 NA: 32]
[Time:    37093] [Episode:    44900 Score:   189.1228] [RScore:   109.9780 RPPS:   472] [PPS:   527 TPS:     1] [NT:  2 NP:  2 NA: 32]
[Time:    37277] [Episode:    45000 Score:   157.1476] [RScore:   110.2737 RPPS:   470] [PPS:   526 TPS:     1] [NT:  2 NP:  2 NA: 32]
[Time:    37456] [Episode:    45100 Score:   113.0355] [RScore:   111.5427 RPPS:   469] [PPS:   526 TPS:     1] [NT:  2 NP:  2 NA: 32]
[Time:    37619] [Episode:    45200 Score:    35.8484] [RScore:   110.9943 RPPS:   473] [PPS:   526 TPS:     1] [NT:  2 NP:  2 NA: 32]
[Time:    37759] [Episode:    45300 Score:   147.7912] [RScore:   110.1736 RPPS:   470] [PPS:   526 TPS:     1] [NT:  2 NP:  2 NA: 32]
[Time:    37946] [Episode:    45400 Score:   154.3909] [RScore:   111.0827 RPPS:   467] [PPS:   525 TPS:     1] [NT:  2 NP:  2 NA: 32]
[Time:    38095] [Episode:    45500 Score:    -6.2581] [RScore:   110.6148 RPPS:   471] [PPS:   525 TPS:     1] [NT:  2 NP:  2 NA: 32]
[Time:    38258] [Episode:    45600 Score:    80.0329] [RScore:   108.7203 RPPS:   474] [PPS:   525 TPS:     1] [NT:  2 NP:  2 NA: 32]
[Time:    38462] [Episode:    45700 Score:   200.9972] [RScore:   110.6781 RPPS:   470] [PPS:   525 TPS:     1] [NT:  2 NP:  2 NA: 32]
[Time:    38641] [Episode:    45800 Score:   166.6901] [RScore:   111.0355 RPPS:   470] [PPS:   524 TPS:     1] [NT:  2 NP:  2 NA: 32]
[Time:    38804] [Episode:    45900 Score:   205.1971] [RScore:   111.5616 RPPS:   471] [PPS:   524 TPS:     1] [NT:  2 NP:  2 NA: 32]
[Time:    38980] [Episode:    46000 Score:   165.1836] [RScore:   110.9665 RPPS:   471] [PPS:   524 TPS:     1] [NT:  2 NP:  2 NA: 32]
[Time:    39149] [Episode:    46100 Score:    80.6514] [RScore:   111.0076 RPPS:   472] [PPS:   524 TPS:     1] [NT:  2 NP:  2 NA: 32]
[Time:    39307] [Episode:    46200 Score:    22.7947] [RScore:   110.7688 RPPS:   473] [PPS:   524 TPS:     1] [NT:  2 NP:  2 NA: 32]
[Time:    39470] [Episode:    46300 Score:   199.8026] [RScore:   110.8135 RPPS:   469] [PPS:   523 TPS:     1] [NT:  2 NP:  2 NA: 32]
[Time:    39657] [Episode:    46400 Score:   167.5400] [RScore:   111.8618 RPPS:   473] [PPS:   523 TPS:     1] [NT:  2 NP:  2 NA: 32]
[Time:    39835] [Episode:    46500 Score:    -8.2621] [RScore:   113.0680 RPPS:   470] [PPS:   523 TPS:     1] [NT:  2 NP:  2 NA: 32]
[Time:    39993] [Episode:    46600 Score:   113.9357] [RScore:   114.8906 RPPS:   473] [PPS:   523 TPS:     1] [NT:  2 NP:  2 NA: 32]
[Time:    40151] [Episode:    46700 Score:   107.8264] [RScore:   112.5256 RPPS:   481] [PPS:   523 TPS:     1] [NT:  2 NP:  2 NA: 32]
[Time:    40342] [Episode:    46800 Score:   147.1939] [RScore:   112.7574 RPPS:   480] [PPS:   523 TPS:     1] [NT:  2 NP:  2 NA: 32]
[Time:    40511] [Episode:    46900 Score:    55.7723] [RScore:   112.2378 RPPS:   479] [PPS:   522 TPS:     1] [NT:  2 NP:  2 NA: 32]
[Time:    40676] [Episode:    47000 Score:    99.7165] [RScore:   113.0041 RPPS:   483] [PPS:   522 TPS:     1] [NT:  2 NP:  2 NA: 32]
[Time:    40850] [Episode:    47100 Score:    97.3138] [RScore:   112.5286 RPPS:   484] [PPS:   522 TPS:     1] [NT:  2 NP:  2 NA: 32]
[Time:    41031] [Episode:    47200 Score:   161.0436] [RScore:   112.9309 RPPS:   482] [PPS:   522 TPS:     1] [NT:  2 NP:  2 NA: 32]
[Time:    41198] [Episode:    47300 Score:    99.7391] [RScore:   114.6414 RPPS:   484] [PPS:   522 TPS:     1] [NT:  2 NP:  2 NA: 32]
[Time:    41384] [Episode:    47400 Score:   220.6709] [RScore:   114.2985 RPPS:   485] [PPS:   522 TPS:     1] [NT:  2 NP:  2 NA: 32]
[Time:    41558] [Episode:    47500 Score:   129.8284] [RScore:   115.1033 RPPS:   486] [PPS:   521 TPS:     1] [NT:  2 NP:  2 NA: 32]
[Time:    41743] [Episode:    47600 Score:   147.8224] [RScore:   115.7410 RPPS:   481] [PPS:   521 TPS:     1] [NT:  2 NP:  2 NA: 32]
[Time:    41916] [Episode:    47700 Score:   130.8160] [RScore:   117.2244 RPPS:   479] [PPS:   521 TPS:     1] [NT:  2 NP:  2 NA: 32]
[Time:    42105] [Episode:    47800 Score:   189.3918] [RScore:   118.9767 RPPS:   481] [PPS:   521 TPS:     1] [NT:  2 NP:  2 NA: 32]
[Time:    42289] [Episode:    47900 Score:   206.7815] [RScore:   122.1909 RPPS:   483] [PPS:   521 TPS:     1] [NT:  2 NP:  2 NA: 32]
[Time:    42471] [Episode:    48000 Score:   116.9260] [RScore:   123.1035 RPPS:   478] [PPS:   521 TPS:     1] [NT:  2 NP:  2 NA: 32]
[Time:    42666] [Episode:    48100 Score:   164.6983] [RScore:   125.4337 RPPS:   477] [PPS:   520 TPS:     1] [NT:  2 NP:  2 NA: 32]
[Time:    42840] [Episode:    48200 Score:   177.7404] [RScore:   126.8659 RPPS:   477] [PPS:   520 TPS:     1] [NT:  2 NP:  2 NA: 32]
[Time:    42988] [Episode:    48300 Score:   163.4918] [RScore:   125.2925 RPPS:   479] [PPS:   520 TPS:     1] [NT:  2 NP:  2 NA: 32]
[Time:    43159] [Episode:    48400 Score:   151.7830] [RScore:   125.1707 RPPS:   484] [PPS:   520 TPS:     1] [NT:  2 NP:  2 NA: 32]
aprun: Apid 63580008: Caught signal Terminated, sending to application
